timestamp: 2020-03-31T16:13:00.295688
CREATE TABLE "auth_user"(
    "id" INTEGER PRIMARY KEY AUTOINCREMENT,
    "username" CHAR(512) UNIQUE,
    "email" CHAR(512) UNIQUE,
    "password" CHAR(512),
    "first_name" CHAR(512),
    "last_name" CHAR(512),
    "sso_id" CHAR(512),
    "action_token" CHAR(512)
);
success!
timestamp: 2020-03-31T16:13:00.297700
CREATE TABLE "auth_user_tag_groups"(
    "id" INTEGER PRIMARY KEY AUTOINCREMENT,
    "path" CHAR(512),
    "record_id" INTEGER REFERENCES "auth_user" ("id") ON DELETE CASCADE  
);
success!
timestamp: 2020-05-03T19:22:51.029922
ALTER TABLE "auth_user" ADD "last_password_change" TIMESTAMP;
timestamp: 2020-05-03T19:22:51.031463
ALTER TABLE "auth_user" ADD "past_passwords_hash" TEXT;
success!
